  [1m[35m (553.4ms)[0m  [1m[35mCREATE DATABASE "goodrx-app_development" ENCODING = 'unicode'[0m
  ↳ bin/rails:9
  [1m[35m (279.8ms)[0m  [1m[35mCREATE DATABASE "goodrx-app_test" ENCODING = 'unicode'[0m
  ↳ bin/rails:9
  [1m[35m (80.9ms)[0m  [1m[35mCREATE TABLE "schema_migrations" ("version" character varying NOT NULL PRIMARY KEY)[0m
  ↳ bin/rails:9
  [1m[35m (15.9ms)[0m  [1m[35mCREATE TABLE "ar_internal_metadata" ("key" character varying NOT NULL PRIMARY KEY, "value" character varying, "created_at" timestamp NOT NULL, "updated_at" timestamp NOT NULL)[0m
  ↳ bin/rails:9
  [1m[35m (1.9ms)[0m  [1m[34mSELECT pg_try_advisory_lock(3856342083107252970)[0m
  ↳ bin/rails:9
  [1m[35m (4.9ms)[0m  [1m[34mSELECT "schema_migrations"."version" FROM "schema_migrations" ORDER BY "schema_migrations"."version" ASC[0m
  ↳ bin/rails:9
Migrating to CreateUsers (20190709154340)
  [1m[35m (0.3ms)[0m  [1m[35mBEGIN[0m
  ↳ bin/rails:9
  [1m[35m (40.0ms)[0m  [1m[35mCREATE TABLE "users" ("id" bigserial primary key, "username" character varying, "email" character varying, "phone_number" integer, "password_digest" character varying, "created_at" timestamp NOT NULL, "updated_at" timestamp NOT NULL)[0m
  ↳ db/migrate/20190709154340_create_users.rb:3
  [1m[36mActiveRecord::SchemaMigration Create (3.3ms)[0m  [1m[32mINSERT INTO "schema_migrations" ("version") VALUES ($1) RETURNING "version"[0m  [["version", "20190709154340"]]
  ↳ bin/rails:9
  [1m[35m (2.5ms)[0m  [1m[35mCOMMIT[0m
  ↳ bin/rails:9
  [1m[36mActiveRecord::InternalMetadata Load (0.5ms)[0m  [1m[34mSELECT  "ar_internal_metadata".* FROM "ar_internal_metadata" WHERE "ar_internal_metadata"."key" = $1 LIMIT $2[0m  [["key", "environment"], ["LIMIT", 1]]
  ↳ bin/rails:9
  [1m[35m (0.2ms)[0m  [1m[35mBEGIN[0m
  ↳ bin/rails:9
  [1m[36mActiveRecord::InternalMetadata Create (4.8ms)[0m  [1m[32mINSERT INTO "ar_internal_metadata" ("key", "value", "created_at", "updated_at") VALUES ($1, $2, $3, $4) RETURNING "key"[0m  [["key", "environment"], ["value", "development"], ["created_at", "2019-07-09 16:50:34.286751"], ["updated_at", "2019-07-09 16:50:34.286751"]]
  ↳ bin/rails:9
  [1m[35m (5.4ms)[0m  [1m[35mCOMMIT[0m
  ↳ bin/rails:9
  [1m[35m (1.7ms)[0m  [1m[34mSELECT pg_advisory_unlock(3856342083107252970)[0m
  ↳ bin/rails:9
  [1m[35m (0.5ms)[0m  [1m[34mSELECT "schema_migrations"."version" FROM "schema_migrations" ORDER BY "schema_migrations"."version" ASC[0m
  ↳ bin/rails:9
  [1m[36mUser Load (6.8ms)[0m  [1m[34mSELECT  "users".* FROM "users" LIMIT $1[0m  [["LIMIT", 11]]
  [1m[36mUser Load (0.4ms)[0m  [1m[34mSELECT  "users".* FROM "users" LIMIT $1[0m  [["LIMIT", 11]]
  [1m[35m (2.5ms)[0m  [1m[35mBEGIN[0m
  [1m[36mUser Exists (3.9ms)[0m  [1m[34mSELECT  1 AS one FROM "users" WHERE "users"."username" = $1 LIMIT $2[0m  [["username", "general"], ["LIMIT", 1]]
  [1m[36mUser Exists (0.5ms)[0m  [1m[34mSELECT  1 AS one FROM "users" WHERE "users"."email" = $1 LIMIT $2[0m  [["email", "captain@fakemail.com"], ["LIMIT", 1]]
  [1m[36mUser Exists (0.6ms)[0m  [1m[34mSELECT  1 AS one FROM "users" WHERE "users"."phone_number" = $1 LIMIT $2[0m  [["phone_number", -4082], ["LIMIT", 1]]
  [1m[35m (0.4ms)[0m  [1m[31mROLLBACK[0m
  [1m[36mUser Load (0.7ms)[0m  [1m[34mSELECT  "users".* FROM "users" LIMIT $1[0m  [["LIMIT", 11]]
  [1m[35m (0.3ms)[0m  [1m[35mBEGIN[0m
  [1m[36mUser Exists (0.5ms)[0m  [1m[34mSELECT  1 AS one FROM "users" WHERE "users"."username" = $1 LIMIT $2[0m  [["username", "Gen"], ["LIMIT", 1]]
  [1m[36mUser Exists (0.6ms)[0m  [1m[34mSELECT  1 AS one FROM "users" WHERE "users"."email" = $1 LIMIT $2[0m  [["email", "america@fakemail.com"], ["LIMIT", 1]]
  [1m[36mUser Exists (0.5ms)[0m  [1m[34mSELECT  1 AS one FROM "users" WHERE "users"."phone_number" = $1 LIMIT $2[0m  [["phone_number", -3902], ["LIMIT", 1]]
  [1m[35m (0.3ms)[0m  [1m[31mROLLBACK[0m
  [1m[35m (24.0ms)[0m  [1m[35mBEGIN[0m
  [1m[36mUser Exists (30.2ms)[0m  [1m[34mSELECT  1 AS one FROM "users" WHERE "users"."username" = $1 LIMIT $2[0m  [["username", "Gen"], ["LIMIT", 1]]
  [1m[36mUser Exists (7.2ms)[0m  [1m[34mSELECT  1 AS one FROM "users" WHERE "users"."email" = $1 LIMIT $2[0m  [["email", "america@fakemail.com"], ["LIMIT", 1]]
  [1m[36mUser Exists (2.7ms)[0m  [1m[34mSELECT  1 AS one FROM "users" WHERE "users"."phone_number" = $1 LIMIT $2[0m  [["phone_number", -3902], ["LIMIT", 1]]
  [1m[35m (5.2ms)[0m  [1m[31mROLLBACK[0m
  [1m[35m (18.4ms)[0m  [1m[34mSELECT "schema_migrations"."version" FROM "schema_migrations" ORDER BY "schema_migrations"."version" ASC[0m
  ↳ bin/rails:9
  [1m[35m (0.2ms)[0m  [1m[35mBEGIN[0m
  ↳ db/seeds.rb:9
  [1m[36mUser Exists (3.6ms)[0m  [1m[34mSELECT  1 AS one FROM "users" WHERE "users"."username" = $1 LIMIT $2[0m  [["username", "General"], ["LIMIT", 1]]
  ↳ db/seeds.rb:9
  [1m[36mUser Exists (0.5ms)[0m  [1m[34mSELECT  1 AS one FROM "users" WHERE "users"."email" = $1 LIMIT $2[0m  [["email", "captain@fakemail.com"], ["LIMIT", 1]]
  ↳ db/seeds.rb:9
  [1m[36mUser Exists (0.5ms)[0m  [1m[34mSELECT  1 AS one FROM "users" WHERE "users"."phone_number" = $1 LIMIT $2[0m  [["phone_number", -7447], ["LIMIT", 1]]
  ↳ db/seeds.rb:9
  [1m[35m (0.4ms)[0m  [1m[31mROLLBACK[0m
  ↳ db/seeds.rb:9
  [1m[35m (1.1ms)[0m  [1m[34mSELECT "schema_migrations"."version" FROM "schema_migrations" ORDER BY "schema_migrations"."version" ASC[0m
  ↳ bin/rails:9
  [1m[35m (0.2ms)[0m  [1m[35mBEGIN[0m
  ↳ db/seeds.rb:9
  [1m[36mUser Exists (0.7ms)[0m  [1m[34mSELECT  1 AS one FROM "users" WHERE "users"."username" = $1 LIMIT $2[0m  [["username", "General"], ["LIMIT", 1]]
  ↳ db/seeds.rb:9
  [1m[36mUser Exists (0.3ms)[0m  [1m[34mSELECT  1 AS one FROM "users" WHERE "users"."email" = $1 LIMIT $2[0m  [["email", "captain@fakemail.com"], ["LIMIT", 1]]
  ↳ db/seeds.rb:9
  [1m[36mUser Exists (0.3ms)[0m  [1m[34mSELECT  1 AS one FROM "users" WHERE "users"."phone_number" = $1 LIMIT $2[0m  [["phone_number", -7447], ["LIMIT", 1]]
  ↳ db/seeds.rb:9
  [1m[35m (0.3ms)[0m  [1m[31mROLLBACK[0m
  ↳ db/seeds.rb:9
  [1m[36mUser Load (19.8ms)[0m  [1m[34mSELECT  "users".* FROM "users" LIMIT $1[0m  [["LIMIT", 11]]
  [1m[35m (1.2ms)[0m  [1m[34mSELECT "schema_migrations"."version" FROM "schema_migrations" ORDER BY "schema_migrations"."version" ASC[0m
  ↳ bin/rails:9
  [1m[35m (0.2ms)[0m  [1m[35mBEGIN[0m
  ↳ db/seeds.rb:9
  [1m[36mUser Exists (1.0ms)[0m  [1m[34mSELECT  1 AS one FROM "users" WHERE "users"."username" = $1 LIMIT $2[0m  [["username", "General"], ["LIMIT", 1]]
  ↳ db/seeds.rb:9
  [1m[36mUser Exists (0.4ms)[0m  [1m[34mSELECT  1 AS one FROM "users" WHERE "users"."email" = $1 LIMIT $2[0m  [["email", "captain@fakemail.com"], ["LIMIT", 1]]
  ↳ db/seeds.rb:9
  [1m[36mUser Exists (0.3ms)[0m  [1m[34mSELECT  1 AS one FROM "users" WHERE "users"."phone_number" = $1 LIMIT $2[0m  [["phone_number", -7447], ["LIMIT", 1]]
  ↳ db/seeds.rb:9
  [1m[35m (0.3ms)[0m  [1m[31mROLLBACK[0m
  ↳ db/seeds.rb:9
  [1m[35m (1.2ms)[0m  [1m[34mSELECT "schema_migrations"."version" FROM "schema_migrations" ORDER BY "schema_migrations"."version" ASC[0m
  ↳ bin/rails:9
  [1m[35m (0.4ms)[0m  [1m[35mBEGIN[0m
  ↳ db/seeds.rb:9
  [1m[36mUser Exists (0.7ms)[0m  [1m[34mSELECT  1 AS one FROM "users" WHERE "users"."username" = $1 LIMIT $2[0m  [["username", "General"], ["LIMIT", 1]]
  ↳ db/seeds.rb:9
  [1m[36mUser Exists (0.3ms)[0m  [1m[34mSELECT  1 AS one FROM "users" WHERE "users"."email" = $1 LIMIT $2[0m  [["email", "captain@fakemail.com"], ["LIMIT", 1]]
  ↳ db/seeds.rb:9
  [1m[36mUser Exists (0.3ms)[0m  [1m[34mSELECT  1 AS one FROM "users" WHERE "users"."phone_number" = $1 LIMIT $2[0m  [["phone_number", -7447], ["LIMIT", 1]]
  ↳ db/seeds.rb:9
  [1m[35m (0.4ms)[0m  [1m[31mROLLBACK[0m
  ↳ db/seeds.rb:9
  [1m[35m (1.1ms)[0m  [1m[34mSELECT "schema_migrations"."version" FROM "schema_migrations" ORDER BY "schema_migrations"."version" ASC[0m
  ↳ bin/rails:9
  [1m[35m (0.2ms)[0m  [1m[35mBEGIN[0m
  ↳ db/seeds.rb:9
  [1m[36mUser Exists (0.7ms)[0m  [1m[34mSELECT  1 AS one FROM "users" WHERE "users"."username" = $1 LIMIT $2[0m  [["username", "General"], ["LIMIT", 1]]
  ↳ db/seeds.rb:9
  [1m[36mUser Exists (0.3ms)[0m  [1m[34mSELECT  1 AS one FROM "users" WHERE "users"."email" = $1 LIMIT $2[0m  [["email", "captain@fakemail.com"], ["LIMIT", 1]]
  ↳ db/seeds.rb:9
  [1m[36mUser Exists (0.3ms)[0m  [1m[34mSELECT  1 AS one FROM "users" WHERE "users"."phone_number" = $1 LIMIT $2[0m  [["phone_number", -7447], ["LIMIT", 1]]
  ↳ db/seeds.rb:9
  [1m[35m (0.3ms)[0m  [1m[31mROLLBACK[0m
  ↳ db/seeds.rb:9
  [1m[35m (1.0ms)[0m  [1m[34mSELECT "schema_migrations"."version" FROM "schema_migrations" ORDER BY "schema_migrations"."version" ASC[0m
  ↳ bin/rails:9
  [1m[35m (0.3ms)[0m  [1m[35mBEGIN[0m
  ↳ db/seeds.rb:9
  [1m[36mUser Exists (0.8ms)[0m  [1m[34mSELECT  1 AS one FROM "users" WHERE "users"."username" = $1 LIMIT $2[0m  [["username", "General"], ["LIMIT", 1]]
  ↳ db/seeds.rb:9
  [1m[36mUser Exists (0.4ms)[0m  [1m[34mSELECT  1 AS one FROM "users" WHERE "users"."email" = $1 LIMIT $2[0m  [["email", "captain@fakemail.com"], ["LIMIT", 1]]
  ↳ db/seeds.rb:9
  [1m[36mUser Exists (0.3ms)[0m  [1m[34mSELECT  1 AS one FROM "users" WHERE "users"."phone_number" = $1 LIMIT $2[0m  [["phone_number", -7447], ["LIMIT", 1]]
  ↳ db/seeds.rb:9
  [1m[36mUser Create (44.4ms)[0m  [1m[32mINSERT INTO "users" ("username", "email", "phone_number", "password_digest", "created_at", "updated_at") VALUES ($1, $2, $3, $4, $5, $6) RETURNING "id"[0m  [["username", "General"], ["email", "captain@fakemail.com"], ["phone_number", -7447], ["password_digest", "$2a$12$ckuWFqSUk43RHTH6STa5Uus7XeTBysjtZYz1CU0vMMIX0hA12V5kG"], ["created_at", "2019-07-09 18:44:24.834333"], ["updated_at", "2019-07-09 18:44:24.834333"]]
  ↳ db/seeds.rb:9
  [1m[35m (3.3ms)[0m  [1m[35mCOMMIT[0m
  ↳ db/seeds.rb:9
Started POST "/auth/login?email=captain@fakemail.com&password=[FILTERED]" for ::1 at 2019-07-09 14:49:45 -0400
  [1m[35m (6.2ms)[0m  [1m[34mSELECT "schema_migrations"."version" FROM "schema_migrations" ORDER BY "schema_migrations"."version" ASC[0m
  ↳ /Library/Ruby/Gems/2.3.0/gems/activerecord-5.2.3/lib/active_record/log_subscriber.rb:98
Processing by AuthenticationController#login as */*
  Parameters: {"first_name"=>"Tats", "last_name"=>"ade", "diagnosis"=>"over", "born_on"=>"2019-03-01", "email"=>"captain@fakemail.com", "password"=>"[FILTERED]", "authentication"=>{"first_name"=>"Tats", "last_name"=>"ade", "diagnosis"=>"over", "born_on"=>"2019-03-01"}}
  [1m[36mUser Load (0.8ms)[0m  [1m[34mSELECT  "users".* FROM "users" WHERE "users"."username" IS NULL LIMIT $1[0m  [["LIMIT", 1]]
  ↳ app/controllers/application_controller.rb:19
Completed 500 Internal Server Error in 36ms (ActiveRecord: 3.4ms)


  
NoMethodError (undefined method `authenticate' for nil:NilClass):
  
app/controllers/application_controller.rb:20:in `handle_login'
app/controllers/authentication_controller.rb:4:in `login'
Started POST "/auth/login?email=captain@fakemail.com&password=[FILTERED]" for ::1 at 2019-07-09 14:57:18 -0400
Processing by AuthenticationController#login as */*
  Parameters: {"first_name"=>"Tats", "last_name"=>"ade", "diagnosis"=>"over", "born_on"=>"2019-03-01", "email"=>"captain@fakemail.com", "password"=>"[FILTERED]", "authentication"=>{"first_name"=>"Tats", "last_name"=>"ade", "diagnosis"=>"over", "born_on"=>"2019-03-01"}}
  [1m[36mUser Load (0.7ms)[0m  [1m[34mSELECT  "users".* FROM "users" WHERE "users"."username" IS NULL LIMIT $1[0m  [["LIMIT", 1]]
  ↳ app/controllers/application_controller.rb:19
Completed 500 Internal Server Error in 21ms (ActiveRecord: 1.0ms)


  
NoMethodError (undefined method `authenticate' for nil:NilClass):
  
app/controllers/application_controller.rb:20:in `handle_login'
app/controllers/authentication_controller.rb:4:in `login'
Started POST "/auth/login" for ::1 at 2019-07-09 15:01:39 -0400
Processing by AuthenticationController#login as */*
  Parameters: {"email"=>"captain@fakemail.com", "password"=>"[FILTERED]", "authentication"=>{"email"=>"captain@fakemail.com", "password"=>"[FILTERED]"}}
  [1m[36mUser Load (0.4ms)[0m  [1m[34mSELECT  "users".* FROM "users" WHERE "users"."username" IS NULL LIMIT $1[0m  [["LIMIT", 1]]
  ↳ app/controllers/application_controller.rb:19
Completed 500 Internal Server Error in 36ms (ActiveRecord: 9.3ms)


  
NoMethodError (undefined method `authenticate' for nil:NilClass):
  
app/controllers/application_controller.rb:20:in `handle_login'
app/controllers/authentication_controller.rb:4:in `login'
Started POST "/auth/login" for ::1 at 2019-07-09 15:05:23 -0400
Processing by AuthenticationController#login as */*
  Parameters: {"email"=>"captain@fakemail.com", "password"=>"[FILTERED]", "authentication"=>{"email"=>"captain@fakemail.com", "password"=>"[FILTERED]"}}
  [1m[36mUser Load (18.7ms)[0m  [1m[34mSELECT  "users".* FROM "users" WHERE "users"."username" IS NULL LIMIT $1[0m  [["LIMIT", 1]]
  ↳ app/controllers/application_controller.rb:19
Completed 500 Internal Server Error in 115ms (ActiveRecord: 18.7ms)


  
NoMethodError (undefined method `authenticate' for nil:NilClass):
  
app/controllers/application_controller.rb:20:in `handle_login'
app/controllers/authentication_controller.rb:4:in `login'
Started POST "/auth/login" for ::1 at 2019-07-09 15:06:58 -0400
Processing by AuthenticationController#login as */*
  Parameters: {"username"=>"captain@fakemail.com", "password"=>"[FILTERED]", "authentication"=>{"username"=>"captain@fakemail.com", "password"=>"[FILTERED]"}}
  [1m[36mUser Load (5.7ms)[0m  [1m[34mSELECT  "users".* FROM "users" WHERE "users"."username" = $1 LIMIT $2[0m  [["username", "captain@fakemail.com"], ["LIMIT", 1]]
  ↳ app/controllers/application_controller.rb:19
Completed 500 Internal Server Error in 132ms (ActiveRecord: 5.7ms)


  
NoMethodError (undefined method `authenticate' for nil:NilClass):
  
app/controllers/application_controller.rb:20:in `handle_login'
app/controllers/authentication_controller.rb:4:in `login'
Started POST "/auth/login" for ::1 at 2019-07-09 15:07:41 -0400
Processing by AuthenticationController#login as */*
  Parameters: {"username"=>"captain@fakemail.com", "password"=>"[FILTERED]", "authentication"=>{"username"=>"captain@fakemail.com", "password"=>"[FILTERED]"}}
Completed 200 OK in 12ms (Views: 7.7ms | ActiveRecord: 0.0ms)


Started POST "/auth/login?username=captain@fakemail.com&password=[FILTERED]" for ::1 at 2019-07-09 15:08:14 -0400
Processing by AuthenticationController#login as */*
  Parameters: {"username"=>"captain@fakemail.com", "password"=>"[FILTERED]", "authentication"=>{"username"=>"captain@fakemail.com", "password"=>"[FILTERED]"}}
  [1m[36mUser Load (0.5ms)[0m  [1m[34mSELECT  "users".* FROM "users" WHERE "users"."username" = $1 LIMIT $2[0m  [["username", "captain@fakemail.com"], ["LIMIT", 1]]
  ↳ app/controllers/application_controller.rb:19
Completed 500 Internal Server Error in 115ms (ActiveRecord: 76.1ms)


  
NoMethodError (undefined method `authenticate' for nil:NilClass):
  
app/controllers/application_controller.rb:20:in `handle_login'
app/controllers/authentication_controller.rb:4:in `login'
Started POST "/auth/login" for ::1 at 2019-07-09 15:09:14 -0400
Processing by AuthenticationController#login as */*
  Parameters: {"username"=>"General", "password"=>"[FILTERED]", "authentication"=>{"username"=>"General", "password"=>"[FILTERED]"}}
  [1m[36mUser Load (3.1ms)[0m  [1m[34mSELECT  "users".* FROM "users" WHERE "users"."username" = $1 LIMIT $2[0m  [["username", "General"], ["LIMIT", 1]]
  ↳ app/controllers/application_controller.rb:19
Completed 200 OK in 611ms (Views: 1.1ms | ActiveRecord: 81.7ms)


Started POST "/users" for ::1 at 2019-07-09 15:14:30 -0400
Processing by UsersController#create as */*
  Parameters: {"username"=>"General", "email"=>"naijagurl234@gmail.com", "password"=>"[FILTERED]", "phone_number"=>8705438760, "user"=>{"username"=>"General", "email"=>"naijagurl234@gmail.com", "phone_number"=>8705438760}}
  [1m[35m (2.7ms)[0m  [1m[35mBEGIN[0m
  ↳ app/controllers/users_controller.rb:21
  [1m[36mUser Exists (1.6ms)[0m  [1m[34mSELECT  1 AS one FROM "users" WHERE "users"."username" = $1 LIMIT $2[0m  [["username", "General"], ["LIMIT", 1]]
  ↳ app/controllers/users_controller.rb:21
  [1m[36mUser Exists (0.6ms)[0m  [1m[34mSELECT  1 AS one FROM "users" WHERE "users"."email" = $1 LIMIT $2[0m  [["email", "naijagurl234@gmail.com"], ["LIMIT", 1]]
  ↳ app/controllers/users_controller.rb:21
  [1m[35m (4.7ms)[0m  [1m[31mROLLBACK[0m
  ↳ app/controllers/users_controller.rb:21
Completed 422 Unprocessable Entity in 474ms (Views: 1.4ms | ActiveRecord: 9.6ms)


Started POST "/users" for ::1 at 2019-07-09 15:14:48 -0400
Processing by UsersController#create as */*
  Parameters: {"username"=>"psquare", "email"=>"naijagurl234@gmail.com", "password"=>"[FILTERED]", "phone_number"=>8705438760, "user"=>{"username"=>"psquare", "email"=>"naijagurl234@gmail.com", "phone_number"=>8705438760}}
  [1m[35m (0.2ms)[0m  [1m[35mBEGIN[0m
  ↳ app/controllers/users_controller.rb:21
  [1m[36mUser Exists (0.4ms)[0m  [1m[34mSELECT  1 AS one FROM "users" WHERE "users"."username" = $1 LIMIT $2[0m  [["username", "psquare"], ["LIMIT", 1]]
  ↳ app/controllers/users_controller.rb:21
  [1m[36mUser Exists (0.5ms)[0m  [1m[34mSELECT  1 AS one FROM "users" WHERE "users"."email" = $1 LIMIT $2[0m  [["email", "naijagurl234@gmail.com"], ["LIMIT", 1]]
  ↳ app/controllers/users_controller.rb:21
  [1m[35m (0.3ms)[0m  [1m[31mROLLBACK[0m
  ↳ app/controllers/users_controller.rb:21
Completed 500 Internal Server Error in 393ms (ActiveRecord: 1.4ms)


  
ActiveModel::RangeError (8705438760 is out of range for ActiveModel::Type::Integer with limit 4 bytes):
  
app/controllers/users_controller.rb:21:in `create'
Started POST "/users" for ::1 at 2019-07-09 15:15:07 -0400
Processing by UsersController#create as */*
  Parameters: {"username"=>"psquare", "email"=>"naijagurl234@gmail.com", "password"=>"[FILTERED]", "phone_number"=>8760, "user"=>{"username"=>"psquare", "email"=>"naijagurl234@gmail.com", "phone_number"=>8760}}
  [1m[35m (0.2ms)[0m  [1m[35mBEGIN[0m
  ↳ app/controllers/users_controller.rb:21
  [1m[36mUser Exists (4.2ms)[0m  [1m[34mSELECT  1 AS one FROM "users" WHERE "users"."username" = $1 LIMIT $2[0m  [["username", "psquare"], ["LIMIT", 1]]
  ↳ app/controllers/users_controller.rb:21
  [1m[36mUser Exists (1.1ms)[0m  [1m[34mSELECT  1 AS one FROM "users" WHERE "users"."email" = $1 LIMIT $2[0m  [["email", "naijagurl234@gmail.com"], ["LIMIT", 1]]
  ↳ app/controllers/users_controller.rb:21
  [1m[36mUser Exists (0.5ms)[0m  [1m[34mSELECT  1 AS one FROM "users" WHERE "users"."phone_number" = $1 LIMIT $2[0m  [["phone_number", 8760], ["LIMIT", 1]]
  ↳ app/controllers/users_controller.rb:21
  [1m[36mUser Create (37.5ms)[0m  [1m[32mINSERT INTO "users" ("username", "email", "phone_number", "password_digest", "created_at", "updated_at") VALUES ($1, $2, $3, $4, $5, $6) RETURNING "id"[0m  [["username", "psquare"], ["email", "naijagurl234@gmail.com"], ["phone_number", 8760], ["password_digest", "$2a$12$3779b3HLJnxDAw3KzK6QWuiHlz6SSAXSWQ5HEBVgGX5WjacZcfUcK"], ["created_at", "2019-07-09 19:15:07.417998"], ["updated_at", "2019-07-09 19:15:07.417998"]]
  ↳ app/controllers/users_controller.rb:21
  [1m[35m (4.2ms)[0m  [1m[35mCOMMIT[0m
  ↳ app/controllers/users_controller.rb:21
  [1m[36mUser Load (0.8ms)[0m  [1m[34mSELECT  "users".* FROM "users" WHERE "users"."username" = $1 LIMIT $2[0m  [["username", "psquare"], ["LIMIT", 1]]
  ↳ app/controllers/application_controller.rb:19
Completed 200 OK in 673ms (Views: 0.2ms | ActiveRecord: 48.5ms)


  [1m[36mUser Load (7.5ms)[0m  [1m[34mSELECT  "users".* FROM "users" LIMIT $1[0m  [["LIMIT", 11]]
Started GET "/" for ::1 at 2019-07-09 15:52:42 -0400
Processing by Rails::WelcomeController#index as HTML
  Rendering /Library/Ruby/Gems/2.3.0/gems/railties-5.2.3/lib/rails/templates/rails/welcome/index.html.erb
  Rendered /Library/Ruby/Gems/2.3.0/gems/railties-5.2.3/lib/rails/templates/rails/welcome/index.html.erb (134.9ms)
Completed 200 OK in 346ms (Views: 309.0ms | ActiveRecord: 0.0ms)


Started POST "/auth/login" for ::1 at 2019-07-09 20:42:33 -0400
Processing by AuthenticationController#login as HTML
  Parameters: {"password"=>"[FILTERED]", "username"=>"General", "authentication"=>{"password"=>"[FILTERED]", "username"=>"General"}}
  [1m[36mUser Load (19.0ms)[0m  [1m[34mSELECT  "users".* FROM "users" WHERE "users"."username" = $1 LIMIT $2[0m  [["username", "General"], ["LIMIT", 1]]
  ↳ app/controllers/application_controller.rb:19
Completed 200 OK in 1032ms (Views: 79.6ms | ActiveRecord: 21.7ms)


Started POST "/auth/login" for ::1 at 2019-07-09 20:42:53 -0400
Processing by AuthenticationController#login as HTML
  Parameters: {"password"=>"[FILTERED]", "username"=>"whatsep", "authentication"=>{"password"=>"[FILTERED]", "username"=>"whatsep"}}
  [1m[36mUser Load (0.6ms)[0m  [1m[34mSELECT  "users".* FROM "users" WHERE "users"."username" = $1 LIMIT $2[0m  [["username", "whatsep"], ["LIMIT", 1]]
  ↳ app/controllers/application_controller.rb:19
Completed 500 Internal Server Error in 203ms (ActiveRecord: 0.6ms)


  
NoMethodError (undefined method `authenticate' for nil:NilClass):
  
app/controllers/application_controller.rb:20:in `handle_login'
app/controllers/authentication_controller.rb:4:in `login'
Started POST "/auth/login" for ::1 at 2019-07-09 20:42:56 -0400
Processing by AuthenticationController#login as HTML
  Parameters: {"password"=>"[FILTERED]", "username"=>"whatsep", "authentication"=>{"password"=>"[FILTERED]", "username"=>"whatsep"}}
  [1m[36mUser Load (0.6ms)[0m  [1m[34mSELECT  "users".* FROM "users" WHERE "users"."username" = $1 LIMIT $2[0m  [["username", "whatsep"], ["LIMIT", 1]]
  ↳ app/controllers/application_controller.rb:19
Completed 500 Internal Server Error in 24ms (ActiveRecord: 4.8ms)


  
NoMethodError (undefined method `authenticate' for nil:NilClass):
  
app/controllers/application_controller.rb:20:in `handle_login'
app/controllers/authentication_controller.rb:4:in `login'
Started POST "/users" for ::1 at 2019-07-09 20:44:26 -0400
Processing by UsersController#create as HTML
  Parameters: {"username"=>"ruby", "email"=>"naija@fakemail.com", "phone_number"=>"9086758765", "password"=>"[FILTERED]", "passwordConfirm"=>"[FILTERED]", "user"=>{"username"=>"ruby", "email"=>"naija@fakemail.com", "phone_number"=>"9086758765"}}
  [1m[35m (3.5ms)[0m  [1m[35mBEGIN[0m
  ↳ app/controllers/users_controller.rb:21
  [1m[36mUser Exists (6.4ms)[0m  [1m[34mSELECT  1 AS one FROM "users" WHERE "users"."username" = $1 LIMIT $2[0m  [["username", "ruby"], ["LIMIT", 1]]
  ↳ app/controllers/users_controller.rb:21
  [1m[36mUser Exists (0.9ms)[0m  [1m[34mSELECT  1 AS one FROM "users" WHERE "users"."email" = $1 LIMIT $2[0m  [["email", "naija@fakemail.com"], ["LIMIT", 1]]
  ↳ app/controllers/users_controller.rb:21
  [1m[35m (3.5ms)[0m  [1m[31mROLLBACK[0m
  ↳ app/controllers/users_controller.rb:21
Completed 500 Internal Server Error in 797ms (ActiveRecord: 14.3ms)


  
ActiveModel::RangeError (9086758765 is out of range for ActiveModel::Type::Integer with limit 4 bytes):
  
app/controllers/users_controller.rb:21:in `create'
Started POST "/auth/login" for ::1 at 2019-07-09 20:44:44 -0400
Processing by AuthenticationController#login as HTML
  Parameters: {"password"=>"[FILTERED]", "username"=>"ruby", "authentication"=>{"password"=>"[FILTERED]", "username"=>"ruby"}}
  [1m[36mUser Load (0.7ms)[0m  [1m[34mSELECT  "users".* FROM "users" WHERE "users"."username" = $1 LIMIT $2[0m  [["username", "ruby"], ["LIMIT", 1]]
  ↳ app/controllers/application_controller.rb:19
Completed 500 Internal Server Error in 11ms (ActiveRecord: 0.7ms)


  
NoMethodError (undefined method `authenticate' for nil:NilClass):
  
app/controllers/application_controller.rb:20:in `handle_login'
app/controllers/authentication_controller.rb:4:in `login'
Started POST "/auth/login" for ::1 at 2019-07-09 20:44:47 -0400
Processing by AuthenticationController#login as HTML
  Parameters: {"password"=>"[FILTERED]", "username"=>"ruby", "authentication"=>{"password"=>"[FILTERED]", "username"=>"ruby"}}
  [1m[36mUser Load (0.3ms)[0m  [1m[34mSELECT  "users".* FROM "users" WHERE "users"."username" = $1 LIMIT $2[0m  [["username", "ruby"], ["LIMIT", 1]]
  ↳ app/controllers/application_controller.rb:19
Completed 500 Internal Server Error in 5ms (ActiveRecord: 0.3ms)


  
NoMethodError (undefined method `authenticate' for nil:NilClass):
  
app/controllers/application_controller.rb:20:in `handle_login'
app/controllers/authentication_controller.rb:4:in `login'
Started POST "/auth/login" for ::1 at 2019-07-09 20:45:27 -0400
Processing by AuthenticationController#login as HTML
  Parameters: {"password"=>"[FILTERED]", "username"=>"ruby", "authentication"=>{"password"=>"[FILTERED]", "username"=>"ruby"}}
  [1m[36mUser Load (0.4ms)[0m  [1m[34mSELECT  "users".* FROM "users" WHERE "users"."username" = $1 LIMIT $2[0m  [["username", "ruby"], ["LIMIT", 1]]
  ↳ app/controllers/application_controller.rb:19
Completed 500 Internal Server Error in 8ms (ActiveRecord: 0.4ms)


  
NoMethodError (undefined method `authenticate' for nil:NilClass):
  
app/controllers/application_controller.rb:20:in `handle_login'
app/controllers/authentication_controller.rb:4:in `login'
Started POST "/users" for ::1 at 2019-07-09 20:46:35 -0400
Processing by UsersController#create as HTML
  Parameters: {"username"=>"cat", "email"=>"me@fakemail.com", "phone_number"=>"9084942240", "password"=>"[FILTERED]", "passwordConfirm"=>"[FILTERED]", "user"=>{"username"=>"cat", "email"=>"me@fakemail.com", "phone_number"=>"9084942240"}}
  [1m[35m (0.4ms)[0m  [1m[35mBEGIN[0m
  ↳ app/controllers/users_controller.rb:21
  [1m[36mUser Exists (0.8ms)[0m  [1m[34mSELECT  1 AS one FROM "users" WHERE "users"."username" = $1 LIMIT $2[0m  [["username", "cat"], ["LIMIT", 1]]
  ↳ app/controllers/users_controller.rb:21
  [1m[36mUser Exists (0.4ms)[0m  [1m[34mSELECT  1 AS one FROM "users" WHERE "users"."email" = $1 LIMIT $2[0m  [["email", "me@fakemail.com"], ["LIMIT", 1]]
  ↳ app/controllers/users_controller.rb:21
  [1m[35m (0.3ms)[0m  [1m[31mROLLBACK[0m
  ↳ app/controllers/users_controller.rb:21
Completed 500 Internal Server Error in 619ms (ActiveRecord: 1.8ms)


  
ActiveModel::RangeError (9084942240 is out of range for ActiveModel::Type::Integer with limit 4 bytes):
  
app/controllers/users_controller.rb:21:in `create'
Started POST "/auth/login" for ::1 at 2019-07-09 20:46:45 -0400
Processing by AuthenticationController#login as HTML
  Parameters: {"password"=>"[FILTERED]", "username"=>"cat", "authentication"=>{"password"=>"[FILTERED]", "username"=>"cat"}}
  [1m[36mUser Load (0.4ms)[0m  [1m[34mSELECT  "users".* FROM "users" WHERE "users"."username" = $1 LIMIT $2[0m  [["username", "cat"], ["LIMIT", 1]]
  ↳ app/controllers/application_controller.rb:19
Completed 500 Internal Server Error in 5ms (ActiveRecord: 0.4ms)


  
NoMethodError (undefined method `authenticate' for nil:NilClass):
  
app/controllers/application_controller.rb:20:in `handle_login'
app/controllers/authentication_controller.rb:4:in `login'
Started POST "/auth/login" for ::1 at 2019-07-09 20:46:47 -0400
Processing by AuthenticationController#login as HTML
  Parameters: {"password"=>"[FILTERED]", "username"=>"cat", "authentication"=>{"password"=>"[FILTERED]", "username"=>"cat"}}
  [1m[36mUser Load (0.3ms)[0m  [1m[34mSELECT  "users".* FROM "users" WHERE "users"."username" = $1 LIMIT $2[0m  [["username", "cat"], ["LIMIT", 1]]
  ↳ app/controllers/application_controller.rb:19
Completed 500 Internal Server Error in 4ms (ActiveRecord: 0.3ms)


  
NoMethodError (undefined method `authenticate' for nil:NilClass):
  
app/controllers/application_controller.rb:20:in `handle_login'
app/controllers/authentication_controller.rb:4:in `login'
Started POST "/users" for ::1 at 2019-07-09 20:48:51 -0400
Processing by UsersController#create as HTML
  Parameters: {"username"=>"silver", "email"=>"me@gmail.com", "phone_number"=>"7654", "password"=>"[FILTERED]", "passwordConfirm"=>"[FILTERED]", "user"=>{"username"=>"silver", "email"=>"me@gmail.com", "phone_number"=>"7654"}}
  [1m[35m (0.4ms)[0m  [1m[35mBEGIN[0m
  ↳ app/controllers/users_controller.rb:21
  [1m[36mUser Exists (0.8ms)[0m  [1m[34mSELECT  1 AS one FROM "users" WHERE "users"."username" = $1 LIMIT $2[0m  [["username", "silver"], ["LIMIT", 1]]
  ↳ app/controllers/users_controller.rb:21
  [1m[36mUser Exists (0.4ms)[0m  [1m[34mSELECT  1 AS one FROM "users" WHERE "users"."email" = $1 LIMIT $2[0m  [["email", "me@gmail.com"], ["LIMIT", 1]]
  ↳ app/controllers/users_controller.rb:21
  [1m[36mUser Exists (0.9ms)[0m  [1m[34mSELECT  1 AS one FROM "users" WHERE "users"."phone_number" = $1 LIMIT $2[0m  [["phone_number", 7654], ["LIMIT", 1]]
  ↳ app/controllers/users_controller.rb:21
  [1m[36mUser Create (16.0ms)[0m  [1m[32mINSERT INTO "users" ("username", "email", "phone_number", "password_digest", "created_at", "updated_at") VALUES ($1, $2, $3, $4, $5, $6) RETURNING "id"[0m  [["username", "silver"], ["email", "me@gmail.com"], ["phone_number", 7654], ["password_digest", "$2a$12$zWYRLyCfA5Oh40w25FTC.uIm3u18d9oBDnp4rxG3XO2qWYV6vtkbm"], ["created_at", "2019-07-10 00:48:51.992926"], ["updated_at", "2019-07-10 00:48:51.992926"]]
  ↳ app/controllers/users_controller.rb:21
  [1m[35m (4.8ms)[0m  [1m[35mCOMMIT[0m
  ↳ app/controllers/users_controller.rb:21
  [1m[36mUser Load (0.4ms)[0m  [1m[34mSELECT  "users".* FROM "users" WHERE "users"."username" = $1 LIMIT $2[0m  [["username", "silver"], ["LIMIT", 1]]
  ↳ app/controllers/application_controller.rb:19
Completed 200 OK in 1009ms (Views: 4.3ms | ActiveRecord: 23.8ms)


Started POST "/auth/login" for ::1 at 2019-07-09 20:49:13 -0400
Processing by AuthenticationController#login as HTML
  Parameters: {"password"=>"[FILTERED]", "username"=>"silver", "authentication"=>{"password"=>"[FILTERED]", "username"=>"silver"}}
  [1m[36mUser Load (0.3ms)[0m  [1m[34mSELECT  "users".* FROM "users" WHERE "users"."username" = $1 LIMIT $2[0m  [["username", "silver"], ["LIMIT", 1]]
  ↳ app/controllers/application_controller.rb:19
Completed 200 OK in 286ms (Views: 0.3ms | ActiveRecord: 0.3ms)


